<?xml version="1.0" encoding="utf-8"?><testsuites name="pytest tests"><testsuite name="pytest" errors="0" failures="0" skipped="0" tests="33" time="8.137" timestamp="2026-04-22T15:30:37.219681+00:00" hostname="agent-env-68ea9fd2-ae69-4f11-950b-e6f7018f7a22"><testcase classname="backend.tests.test_gorgeous_api" name="test_health" time="0.320" /><testcase classname="backend.tests.test_gorgeous_api" name="test_login_all_admins[admin1@gorgeousfashion.com-Gorgeous2025A]" time="0.290" /><testcase classname="backend.tests.test_gorgeous_api" name="test_login_all_admins[admin2@gorgeousfashion.com-Gorgeous2025B]" time="0.291" /><testcase classname="backend.tests.test_gorgeous_api" name="test_login_all_admins[admin3@gorgeousfashion.com-Gorgeous2025C]" time="0.280" /><testcase classname="backend.tests.test_gorgeous_api" name="test_login_wrong_password" time="0.305" /><testcase classname="backend.tests.test_gorgeous_api" name="test_me_with_token" time="0.349" /><testcase classname="backend.tests.test_gorgeous_api" name="test_me_without_token" time="0.093" /><testcase classname="backend.tests.test_gorgeous_api" name="test_contact_create_public" time="0.524" /><testcase classname="backend.tests.test_gorgeous_api" name="test_contact_list_requires_auth" time="0.116" /><testcase classname="backend.tests.test_gorgeous_api" name="test_bookings_created" time="0.526" /><testcase classname="backend.tests.test_gorgeous_api" name="test_bookings_list_requires_auth" time="0.124" /><testcase classname="backend.tests.test_gorgeous_api" name="test_booking_status_patch" time="0.119" /><testcase classname="backend.tests.test_gorgeous_api" name="test_reviews_public" time="0.072" /><testcase classname="backend.tests.test_gorgeous_api" name="test_reviews_create" time="0.086" /><testcase classname="backend.tests.test_gorgeous_api" name="test_media_list_public" time="0.073" /><testcase classname="backend.tests.test_gorgeous_api" name="test_media_create_requires_auth" time="0.069" /><testcase classname="backend.tests.test_gorgeous_api" name="test_media_delete_requires_auth" time="0.074" /><testcase classname="backend.tests.test_gorgeous_api" name="test_cloudinary_signature_requires_auth" time="0.069" /><testcase classname="backend.tests.test_gorgeous_api" name="test_cloudinary_signature_ok" time="0.066" /><testcase classname="backend.tests.test_gorgeous_api" name="test_settings_public" time="0.056" /><testcase classname="backend.tests.test_gorgeous_api" name="test_settings_patch_requires_auth" time="0.055" /><testcase classname="backend.tests.test_gorgeous_api" name="test_settings_patch_ok" time="0.111" /><testcase classname="backend.tests.test_gorgeous_api" name="test_settings_public_has_logo_and_hero_slides" time="0.064" /><testcase classname="backend.tests.test_gorgeous_api" name="test_settings_patch_hero_slides_persists" time="0.169" /><testcase classname="backend.tests.test_gorgeous_api" name="test_settings_patch_logo_url_persists" time="0.224" /><testcase classname="backend.tests.test_gorgeous_api" name="test_reviews_all_requires_auth" time="0.057" /><testcase classname="backend.tests.test_gorgeous_api" name="test_reviews_all_returns_unapproved" time="0.434" /><testcase classname="backend.tests.test_gorgeous_api" name="test_review_patch_requires_auth" time="0.079" /><testcase classname="backend.tests.test_gorgeous_api" name="test_review_delete_requires_auth" time="0.068" /><testcase classname="backend.tests.test_gorgeous_api" name="test_review_delete_removes_from_db" time="0.251" /><testcase classname="backend.tests.test_gorgeous_api" name="test_change_password_requires_auth" time="0.074" /><testcase classname="backend.tests.test_gorgeous_api" name="test_change_password_wrong_current_returns_400" time="0.298" /><testcase classname="backend.tests.test_gorgeous_api" name="test_change_password_flow_then_restore" time="2.245" /></testsuite></testsuites>