<?xml version="1.0" encoding="utf-8"?><testsuites name="pytest tests"><testsuite name="pytest" errors="0" failures="0" skipped="0" tests="22" time="3.612" timestamp="2026-04-22T13:31:38.819043+00:00" hostname="agent-env-68ea9fd2-ae69-4f11-950b-e6f7018f7a22"><testcase classname="backend.tests.test_gorgeous_api" name="test_health" time="0.216" /><testcase classname="backend.tests.test_gorgeous_api" name="test_login_all_admins[admin1@gorgeousfashion.com-Gorgeous2025A]" time="0.281" /><testcase classname="backend.tests.test_gorgeous_api" name="test_login_all_admins[admin2@gorgeousfashion.com-Gorgeous2025B]" time="0.278" /><testcase classname="backend.tests.test_gorgeous_api" name="test_login_all_admins[admin3@gorgeousfashion.com-Gorgeous2025C]" time="0.278" /><testcase classname="backend.tests.test_gorgeous_api" name="test_login_wrong_password" time="0.274" /><testcase classname="backend.tests.test_gorgeous_api" name="test_me_with_token" time="0.323" /><testcase classname="backend.tests.test_gorgeous_api" name="test_me_without_token" time="0.053" /><testcase classname="backend.tests.test_gorgeous_api" name="test_contact_create_public" time="0.481" /><testcase classname="backend.tests.test_gorgeous_api" name="test_contact_list_requires_auth" time="0.097" /><testcase classname="backend.tests.test_gorgeous_api" name="test_bookings_created" time="0.448" /><testcase classname="backend.tests.test_gorgeous_api" name="test_bookings_list_requires_auth" time="0.098" /><testcase classname="backend.tests.test_gorgeous_api" name="test_booking_status_patch" time="0.109" /><testcase classname="backend.tests.test_gorgeous_api" name="test_reviews_public" time="0.053" /><testcase classname="backend.tests.test_gorgeous_api" name="test_reviews_create" time="0.048" /><testcase classname="backend.tests.test_gorgeous_api" name="test_media_list_public" time="0.050" /><testcase classname="backend.tests.test_gorgeous_api" name="test_media_create_requires_auth" time="0.047" /><testcase classname="backend.tests.test_gorgeous_api" name="test_media_delete_requires_auth" time="0.047" /><testcase classname="backend.tests.test_gorgeous_api" name="test_cloudinary_signature_requires_auth" time="0.097" /><testcase classname="backend.tests.test_gorgeous_api" name="test_cloudinary_signature_ok" time="0.050" /><testcase classname="backend.tests.test_gorgeous_api" name="test_settings_public" time="0.051" /><testcase classname="backend.tests.test_gorgeous_api" name="test_settings_patch_requires_auth" time="0.047" /><testcase classname="backend.tests.test_gorgeous_api" name="test_settings_patch_ok" time="0.098" /></testsuite></testsuites>